<?xml version="1.0" encoding="UTF-8"?>
<testsuite name="dslab.monitoring.MonitoringServerTest" tests="1" skipped="0" failures="0" errors="0" timestamp="2020-10-15T14:19:31" hostname="LAPTOP-K4TLQ9H3" time="6.082">
  <properties/>
  <testcase name="runAndShutdownMonitoringServer_createsAndStopsUdpSocketCorrectly" classname="dslab.monitoring.MonitoringServerTest" time="6.082"/>
  <system-out><![CDATA[SocketException while waiting for/handling packets: socket closed
]]></system-out>
  <system-err><![CDATA[Okt. 15, 2020 4:19:31 NACHM. dslab.monitoring.MonitoringServerTest runAndShutdownMonitoringServer_createsAndStopsUdpSocketCorrectly
INFO: Starting thread with component dslab.monitoring.MonitoringServer@7f3e2be4
Okt. 15, 2020 4:19:34 NACHM. dslab.monitoring.MonitoringServerTest runAndShutdownMonitoringServer_createsAndStopsUdpSocketCorrectly
INFO: Trying to create socket on port 10850
Okt. 15, 2020 4:19:34 NACHM. dslab.monitoring.MonitoringServerTest runAndShutdownMonitoringServer_createsAndStopsUdpSocketCorrectly
INFO: Shutting down component dslab.monitoring.MonitoringServer@7f3e2be4
Okt. 15, 2020 4:19:37 NACHM. dslab.monitoring.MonitoringServerTest runAndShutdownMonitoringServer_createsAndStopsUdpSocketCorrectly
INFO: Waiting for thread to stop for component dslab.monitoring.MonitoringServer@7f3e2be4
]]></system-err>
</testsuite>
